Traceback (most recent call last):
  File "/home/jackson/anaconda3/lib/python3.9/site-packages/jupyter_cache/executors/utils.py", line 51, in single_nb_execution
    executenb(
  File "/home/jackson/anaconda3/lib/python3.9/site-packages/nbclient/client.py", line 1112, in execute
    return NotebookClient(nb=nb, resources=resources, km=km, **kwargs).execute()
  File "/home/jackson/anaconda3/lib/python3.9/site-packages/nbclient/util.py", line 74, in wrapped
    return just_run(coro(*args, **kwargs))
  File "/home/jackson/anaconda3/lib/python3.9/site-packages/nbclient/util.py", line 53, in just_run
    return loop.run_until_complete(coro)
  File "/home/jackson/anaconda3/lib/python3.9/asyncio/base_events.py", line 642, in run_until_complete
    return future.result()
  File "/home/jackson/anaconda3/lib/python3.9/site-packages/nbclient/client.py", line 553, in async_execute
    await self.async_execute_cell(
  File "/home/jackson/anaconda3/lib/python3.9/site-packages/nbclient/client.py", line 857, in async_execute_cell
    self._check_raise_for_error(cell, exec_reply)
  File "/home/jackson/anaconda3/lib/python3.9/site-packages/nbclient/client.py", line 760, in _check_raise_for_error
    raise CellExecutionError.from_cell_and_msg(cell, exec_reply_content)
nbclient.exceptions.CellExecutionError: An error occurred while executing the following cell:
------------------
f("Hello?")
------------------

MethodError: no method matching +(::String, ::Int64)
[0mClosest candidates are:
[0m  +(::Any, ::Any, [91m::Any[39m, [91m::Any...[39m) at operators.jl:560
[0m  +([91m::T[39m, ::T) where T<:Union{Int128, Int16, Int32, Int64, Int8, UInt128, UInt16, UInt32, UInt64, UInt8} at int.jl:87
[0m  +([91m::LinearAlgebra.UniformScaling[39m, ::Number) at /buildworker/worker/package_linux64/build/usr/share/julia/stdlib/v1.6/LinearAlgebra/src/uniformscaling.jl:145
[0m  ...

Stacktrace:
 [1] _broadcast_getindex_evalf
   @ ./broadcast.jl:648 [inlined]
 [2] _broadcast_getindex
   @ ./broadcast.jl:621 [inlined]
 [3] getindex
   @ ./broadcast.jl:575 [inlined]
 [4] copy
   @ ./broadcast.jl:898 [inlined]
 [5] materialize
   @ ./broadcast.jl:883 [inlined]
 [6] f(x::String)
   @ Main ./In[7]:1
 [7] top-level scope
   @ In[9]:1
 [8] eval
   @ ./boot.jl:360 [inlined]
 [9] include_string(mapexpr::typeof(REPL.softscope), mod::Module, code::String, filename::String)
   @ Base ./loading.jl:1116
LoadError: MethodError: no method matching +(::String, ::Int64)
[0mClosest candidates are:
[0m  +(::Any, ::Any, [91m::Any[39m, [91m::Any...[39m) at operators.jl:560
[0m  +([91m::T[39m, ::T) where T<:Union{Int128, Int16, Int32, Int64, Int8, UInt128, UInt16, UInt32, UInt64, UInt8} at int.jl:87
[0m  +([91m::LinearAlgebra.UniformScaling[39m, ::Number) at /buildworker/worker/package_linux64/build/usr/share/julia/stdlib/v1.6/LinearAlgebra/src/uniformscaling.jl:145
[0m  ...

