Traceback (most recent call last):
  File "/home/jackson/anaconda3/lib/python3.9/site-packages/jupyter_cache/executors/utils.py", line 51, in single_nb_execution
    executenb(
  File "/home/jackson/anaconda3/lib/python3.9/site-packages/nbclient/client.py", line 1112, in execute
    return NotebookClient(nb=nb, resources=resources, km=km, **kwargs).execute()
  File "/home/jackson/anaconda3/lib/python3.9/site-packages/nbclient/util.py", line 74, in wrapped
    return just_run(coro(*args, **kwargs))
  File "/home/jackson/anaconda3/lib/python3.9/site-packages/nbclient/util.py", line 53, in just_run
    return loop.run_until_complete(coro)
  File "/home/jackson/anaconda3/lib/python3.9/asyncio/base_events.py", line 642, in run_until_complete
    return future.result()
  File "/home/jackson/anaconda3/lib/python3.9/site-packages/nbclient/client.py", line 553, in async_execute
    await self.async_execute_cell(
  File "/home/jackson/anaconda3/lib/python3.9/site-packages/nbclient/client.py", line 857, in async_execute_cell
    self._check_raise_for_error(cell, exec_reply)
  File "/home/jackson/anaconda3/lib/python3.9/site-packages/nbclient/client.py", line 760, in _check_raise_for_error
    raise CellExecutionError.from_cell_and_msg(cell, exec_reply_content)
nbclient.exceptions.CellExecutionError: An error occurred while executing the following cell:
------------------
function dot_product(vector1, vector2)
    @assert length(vector1) == length(vector2) 
    for i in 1:length(vector1)
        v1_i = vector1[i]
        v2_i = vector2[i]
        new_term = v1_i * v2_i
        dot_product_value += new_term
    end
    return dot_product_value
end


vector_a = [1,2,3]
vector_b = [-1,-2,-3, 4] # the problem is here

value = dot_product(vector_a, vector_b)
------------------

AssertionError: length(vector1) == length(vector2)

Stacktrace:
 [1] dot_product(vector1::Vector{Int64}, vector2::Vector{Int64})
   @ Main ./In[15]:2
 [2] top-level scope
   @ In[15]:16
 [3] eval
   @ ./boot.jl:360 [inlined]
 [4] include_string(mapexpr::typeof(REPL.softscope), mod::Module, code::String, filename::String)
   @ Base ./loading.jl:1116
LoadError: AssertionError: length(vector1) == length(vector2)

